{"C:\\Users\\grume\\OneDrive\\Área de Trabalho\\api_ecommerce\\api_ecommerce\\src\\app.js": {"path":"C:\\Users\\grume\\OneDrive\\Área de Trabalho\\api_ecommerce\\api_ecommerce\\src\\app.js","statementMap":{"0":{"start":{"line":1,"column":16},"end":{"line":1,"column":34}},"1":{"start":{"line":2,"column":12},"end":{"line":2,"column":21}},"2":{"start":{"line":4,"column":19},"end":{"line":4,"column":49}},"3":{"start":{"line":5,"column":22},"end":{"line":5,"column":55}},"4":{"start":{"line":6,"column":19},"end":{"line":6,"column":49}},"5":{"start":{"line":7,"column":20},"end":{"line":7,"column":51}},"6":{"start":{"line":8,"column":21},"end":{"line":8,"column":58}},"7":{"start":{"line":10,"column":0},"end":{"line":10,"column":26}},"8":{"start":{"line":12,"column":0},"end":{"line":16,"column":2}},"9":{"start":{"line":13,"column":4},"end":{"line":15,"column":6}},"10":{"start":{"line":18,"column":0},"end":{"line":18,"column":23}},"11":{"start":{"line":21,"column":0},"end":{"line":21,"column":30}},"12":{"start":{"line":22,"column":0},"end":{"line":22,"column":33}},"13":{"start":{"line":23,"column":0},"end":{"line":23,"column":30}},"14":{"start":{"line":24,"column":0},"end":{"line":24,"column":31}},"15":{"start":{"line":27,"column":0},"end":{"line":27,"column":21}},"16":{"start":{"line":29,"column":0},"end":{"line":29,"column":20}}},"fnMap":{"0":{"name":"(anonymous_0)","decl":{"start":{"line":12,"column":13},"end":{"line":12,"column":14}},"loc":{"start":{"line":12,"column":27},"end":{"line":16,"column":1}},"line":12}},"branchMap":{},"s":{"0":5,"1":5,"2":5,"3":5,"4":5,"5":5,"6":5,"7":5,"8":5,"9":1,"10":5,"11":5,"12":5,"13":5,"14":5,"15":5,"16":5},"f":{"0":1},"b":{},"_coverageSchema":"1a1c01bbd47fc00a2c39e90264f33305004495a9","hash":"13d7950d9df1fa8b551d5fa5c1ecb51c2ca1b018"}
,"C:\\Users\\grume\\OneDrive\\Área de Trabalho\\api_ecommerce\\api_ecommerce\\src\\config\\logger.js": {"path":"C:\\Users\\grume\\OneDrive\\Área de Trabalho\\api_ecommerce\\api_ecommerce\\src\\config\\logger.js","statementMap":{"0":{"start":{"line":2,"column":16},"end":{"line":2,"column":34}},"1":{"start":{"line":4,"column":15},"end":{"line":23,"column":2}},"2":{"start":{"line":25,"column":0},"end":{"line":25,"column":23}}},"fnMap":{},"branchMap":{},"s":{"0":6,"1":6,"2":6},"f":{},"b":{},"_coverageSchema":"1a1c01bbd47fc00a2c39e90264f33305004495a9","hash":"0927ee2b7304d960faf9535e0b2dd2f7ef1fb23f"}
,"C:\\Users\\grume\\OneDrive\\Área de Trabalho\\api_ecommerce\\api_ecommerce\\src\\config\\redis.js": {"path":"C:\\Users\\grume\\OneDrive\\Área de Trabalho\\api_ecommerce\\api_ecommerce\\src\\config\\redis.js","statementMap":{"0":{"start":{"line":1,"column":25},"end":{"line":1,"column":41}},"1":{"start":{"line":3,"column":20},"end":{"line":5,"column":2}},"2":{"start":{"line":7,"column":0},"end":{"line":9,"column":2}},"3":{"start":{"line":8,"column":4},"end":{"line":8,"column":34}},"4":{"start":{"line":11,"column":0},"end":{"line":11,"column":21}},"5":{"start":{"line":13,"column":0},"end":{"line":13,"column":28}}},"fnMap":{"0":{"name":"(anonymous_0)","decl":{"start":{"line":7,"column":24},"end":{"line":7,"column":25}},"loc":{"start":{"line":7,"column":33},"end":{"line":9,"column":1}},"line":7}},"branchMap":{},"s":{"0":6,"1":6,"2":6,"3":1,"4":6,"5":6},"f":{"0":1},"b":{},"_coverageSchema":"1a1c01bbd47fc00a2c39e90264f33305004495a9","hash":"310bbc418297c4452ae714ffcebaa604550941c3"}
,"C:\\Users\\grume\\OneDrive\\Área de Trabalho\\api_ecommerce\\api_ecommerce\\src\\controllers\\cartController.js": {"path":"C:\\Users\\grume\\OneDrive\\Área de Trabalho\\api_ecommerce\\api_ecommerce\\src\\controllers\\cartController.js","statementMap":{"0":{"start":{"line":1,"column":20},"end":{"line":1,"column":54}},"1":{"start":{"line":3,"column":0},"end":{"line":28,"column":1}},"2":{"start":{"line":5,"column":4},"end":{"line":26,"column":5}},"3":{"start":{"line":7,"column":43},"end":{"line":7,"column":51}},"4":{"start":{"line":9,"column":27},"end":{"line":9,"column":38}},"5":{"start":{"line":10,"column":8},"end":{"line":10,"column":29}},"6":{"start":{"line":11,"column":8},"end":{"line":11,"column":32}},"7":{"start":{"line":13,"column":23},"end":{"line":17,"column":9}},"8":{"start":{"line":19,"column":8},"end":{"line":22,"column":6}},"9":{"start":{"line":25,"column":8},"end":{"line":25,"column":19}},"10":{"start":{"line":30,"column":0},"end":{"line":49,"column":1}},"11":{"start":{"line":32,"column":4},"end":{"line":47,"column":5}},"12":{"start":{"line":34,"column":27},"end":{"line":34,"column":38}},"13":{"start":{"line":36,"column":25},"end":{"line":38,"column":9}},"14":{"start":{"line":40,"column":8},"end":{"line":43,"column":6}},"15":{"start":{"line":46,"column":8},"end":{"line":46,"column":19}}},"fnMap":{"0":{"name":"(anonymous_0)","decl":{"start":{"line":3,"column":20},"end":{"line":3,"column":21}},"loc":{"start":{"line":3,"column":45},"end":{"line":28,"column":1}},"line":3},"1":{"name":"(anonymous_1)","decl":{"start":{"line":30,"column":18},"end":{"line":30,"column":19}},"loc":{"start":{"line":30,"column":43},"end":{"line":49,"column":1}},"line":30}},"branchMap":{},"s":{"0":5,"1":5,"2":3,"3":3,"4":3,"5":3,"6":3,"7":3,"8":1,"9":2,"10":5,"11":0,"12":0,"13":0,"14":0,"15":0},"f":{"0":3,"1":0},"b":{},"_coverageSchema":"1a1c01bbd47fc00a2c39e90264f33305004495a9","hash":"511c5016b66eddb644c282d12b3006dfad6449a9"}
,"C:\\Users\\grume\\OneDrive\\Área de Trabalho\\api_ecommerce\\api_ecommerce\\src\\controllers\\orderController.js": {"path":"C:\\Users\\grume\\OneDrive\\Área de Trabalho\\api_ecommerce\\api_ecommerce\\src\\controllers\\orderController.js","statementMap":{"0":{"start":{"line":1,"column":21},"end":{"line":1,"column":56}},"1":{"start":{"line":3,"column":0},"end":{"line":22,"column":1}},"2":{"start":{"line":5,"column":4},"end":{"line":20,"column":5}},"3":{"start":{"line":7,"column":27},"end":{"line":7,"column":38}},"4":{"start":{"line":9,"column":23},"end":{"line":11,"column":9}},"5":{"start":{"line":13,"column":8},"end":{"line":16,"column":6}},"6":{"start":{"line":19,"column":8},"end":{"line":19,"column":19}},"7":{"start":{"line":24,"column":0},"end":{"line":43,"column":1}},"8":{"start":{"line":26,"column":4},"end":{"line":41,"column":5}},"9":{"start":{"line":28,"column":27},"end":{"line":28,"column":38}},"10":{"start":{"line":30,"column":24},"end":{"line":32,"column":9}},"11":{"start":{"line":34,"column":8},"end":{"line":37,"column":6}},"12":{"start":{"line":40,"column":8},"end":{"line":40,"column":19}}},"fnMap":{"0":{"name":"(anonymous_0)","decl":{"start":{"line":3,"column":22},"end":{"line":3,"column":23}},"loc":{"start":{"line":3,"column":47},"end":{"line":22,"column":1}},"line":3},"1":{"name":"(anonymous_1)","decl":{"start":{"line":24,"column":20},"end":{"line":24,"column":21}},"loc":{"start":{"line":24,"column":45},"end":{"line":43,"column":1}},"line":24}},"branchMap":{},"s":{"0":5,"1":5,"2":2,"3":2,"4":2,"5":0,"6":2,"7":5,"8":1,"9":1,"10":1,"11":1,"12":0},"f":{"0":2,"1":1},"b":{},"_coverageSchema":"1a1c01bbd47fc00a2c39e90264f33305004495a9","hash":"0519b35fb8d98317852c0699f7a9ff08d347d768"}
,"C:\\Users\\grume\\OneDrive\\Área de Trabalho\\api_ecommerce\\api_ecommerce\\src\\controllers\\productController.js": {"path":"C:\\Users\\grume\\OneDrive\\Área de Trabalho\\api_ecommerce\\api_ecommerce\\src\\controllers\\productController.js","statementMap":{"0":{"start":{"line":1,"column":15},"end":{"line":1,"column":42}},"1":{"start":{"line":2,"column":23},"end":{"line":2,"column":60}},"2":{"start":{"line":4,"column":0},"end":{"line":30,"column":1}},"3":{"start":{"line":6,"column":4},"end":{"line":6,"column":60}},"4":{"start":{"line":8,"column":4},"end":{"line":28,"column":5}},"5":{"start":{"line":10,"column":41},"end":{"line":10,"column":49}},"6":{"start":{"line":12,"column":23},"end":{"line":16,"column":9}},"7":{"start":{"line":18,"column":8},"end":{"line":18,"column":53}},"8":{"start":{"line":20,"column":8},"end":{"line":23,"column":6}},"9":{"start":{"line":26,"column":8},"end":{"line":26,"column":49}},"10":{"start":{"line":27,"column":8},"end":{"line":27,"column":19}},"11":{"start":{"line":32,"column":0},"end":{"line":47,"column":1}},"12":{"start":{"line":34,"column":4},"end":{"line":45,"column":5}},"13":{"start":{"line":36,"column":23},"end":{"line":36,"column":57}},"14":{"start":{"line":38,"column":8},"end":{"line":41,"column":6}},"15":{"start":{"line":44,"column":8},"end":{"line":44,"column":19}},"16":{"start":{"line":49,"column":0},"end":{"line":78,"column":1}},"17":{"start":{"line":51,"column":4},"end":{"line":51,"column":60}},"18":{"start":{"line":53,"column":4},"end":{"line":76,"column":5}},"19":{"start":{"line":55,"column":23},"end":{"line":55,"column":44}},"20":{"start":{"line":57,"column":41},"end":{"line":57,"column":49}},"21":{"start":{"line":59,"column":23},"end":{"line":64,"column":9}},"22":{"start":{"line":66,"column":8},"end":{"line":66,"column":53}},"23":{"start":{"line":68,"column":8},"end":{"line":71,"column":10}},"24":{"start":{"line":74,"column":8},"end":{"line":74,"column":49}},"25":{"start":{"line":75,"column":8},"end":{"line":75,"column":19}},"26":{"start":{"line":80,"column":0},"end":{"line":97,"column":1}},"27":{"start":{"line":82,"column":4},"end":{"line":95,"column":5}},"28":{"start":{"line":84,"column":19},"end":{"line":84,"column":40}},"29":{"start":{"line":86,"column":23},"end":{"line":86,"column":61}},"30":{"start":{"line":88,"column":8},"end":{"line":91,"column":10}},"31":{"start":{"line":94,"column":8},"end":{"line":94,"column":19}}},"fnMap":{"0":{"name":"(anonymous_0)","decl":{"start":{"line":4,"column":24},"end":{"line":4,"column":25}},"loc":{"start":{"line":4,"column":49},"end":{"line":30,"column":1}},"line":4},"1":{"name":"(anonymous_1)","decl":{"start":{"line":32,"column":22},"end":{"line":32,"column":23}},"loc":{"start":{"line":32,"column":47},"end":{"line":47,"column":1}},"line":32},"2":{"name":"(anonymous_2)","decl":{"start":{"line":49,"column":24},"end":{"line":49,"column":25}},"loc":{"start":{"line":49,"column":49},"end":{"line":78,"column":1}},"line":49},"3":{"name":"(anonymous_3)","decl":{"start":{"line":80,"column":24},"end":{"line":80,"column":25}},"loc":{"start":{"line":80,"column":49},"end":{"line":97,"column":1}},"line":80}},"branchMap":{},"s":{"0":5,"1":5,"2":5,"3":1,"4":1,"5":1,"6":1,"7":0,"8":0,"9":1,"10":1,"11":5,"12":0,"13":0,"14":0,"15":0,"16":5,"17":2,"18":2,"19":2,"20":2,"21":2,"22":1,"23":1,"24":1,"25":1,"26":5,"27":2,"28":2,"29":2,"30":0,"31":2},"f":{"0":1,"1":0,"2":2,"3":2},"b":{},"_coverageSchema":"1a1c01bbd47fc00a2c39e90264f33305004495a9","hash":"87f9249dc2a0e03ef9f2b1ad636f572734259d72"}
,"C:\\Users\\grume\\OneDrive\\Área de Trabalho\\api_ecommerce\\api_ecommerce\\src\\controllers\\userController.js": {"path":"C:\\Users\\grume\\OneDrive\\Área de Trabalho\\api_ecommerce\\api_ecommerce\\src\\controllers\\userController.js","statementMap":{"0":{"start":{"line":3,"column":20},"end":{"line":3,"column":54}},"1":{"start":{"line":4,"column":27},"end":{"line":4,"column":66}},"2":{"start":{"line":5,"column":24},"end":{"line":5,"column":63}},"3":{"start":{"line":6,"column":15},"end":{"line":6,"column":42}},"4":{"start":{"line":8,"column":0},"end":{"line":39,"column":1}},"5":{"start":{"line":10,"column":4},"end":{"line":10,"column":49}},"6":{"start":{"line":12,"column":4},"end":{"line":37,"column":5}},"7":{"start":{"line":14,"column":8},"end":{"line":14,"column":38}},"8":{"start":{"line":16,"column":39},"end":{"line":16,"column":47}},"9":{"start":{"line":18,"column":21},"end":{"line":18,"column":27}},"10":{"start":{"line":20,"column":23},"end":{"line":25,"column":9}},"11":{"start":{"line":27,"column":8},"end":{"line":27,"column":53}},"12":{"start":{"line":29,"column":8},"end":{"line":32,"column":6}},"13":{"start":{"line":35,"column":8},"end":{"line":35,"column":49}},"14":{"start":{"line":36,"column":8},"end":{"line":36,"column":19}},"15":{"start":{"line":41,"column":0},"end":{"line":65,"column":1}},"16":{"start":{"line":42,"column":4},"end":{"line":42,"column":46}},"17":{"start":{"line":44,"column":4},"end":{"line":63,"column":5}},"18":{"start":{"line":46,"column":33},"end":{"line":46,"column":41}},"19":{"start":{"line":48,"column":23},"end":{"line":51,"column":9}},"20":{"start":{"line":53,"column":8},"end":{"line":53,"column":50}},"21":{"start":{"line":55,"column":8},"end":{"line":58,"column":6}},"22":{"start":{"line":61,"column":8},"end":{"line":61,"column":43}},"23":{"start":{"line":62,"column":8},"end":{"line":62,"column":19}},"24":{"start":{"line":67,"column":0},"end":{"line":78,"column":1}},"25":{"start":{"line":68,"column":4},"end":{"line":77,"column":5}},"26":{"start":{"line":69,"column":22},"end":{"line":69,"column":50}},"27":{"start":{"line":71,"column":8},"end":{"line":74,"column":10}},"28":{"start":{"line":76,"column":8},"end":{"line":76,"column":19}},"29":{"start":{"line":80,"column":0},"end":{"line":106,"column":1}},"30":{"start":{"line":81,"column":4},"end":{"line":81,"column":61}},"31":{"start":{"line":83,"column":4},"end":{"line":105,"column":5}},"32":{"start":{"line":84,"column":23},"end":{"line":84,"column":33}},"33":{"start":{"line":85,"column":27},"end":{"line":85,"column":38}},"34":{"start":{"line":86,"column":27},"end":{"line":86,"column":40}},"35":{"start":{"line":88,"column":23},"end":{"line":93,"column":9}},"36":{"start":{"line":95,"column":8},"end":{"line":95,"column":53}},"37":{"start":{"line":97,"column":8},"end":{"line":100,"column":10}},"38":{"start":{"line":103,"column":8},"end":{"line":103,"column":49}},"39":{"start":{"line":104,"column":8},"end":{"line":104,"column":19}}},"fnMap":{"0":{"name":"(anonymous_0)","decl":{"start":{"line":8,"column":19},"end":{"line":8,"column":20}},"loc":{"start":{"line":8,"column":44},"end":{"line":39,"column":1}},"line":8},"1":{"name":"(anonymous_1)","decl":{"start":{"line":41,"column":16},"end":{"line":41,"column":17}},"loc":{"start":{"line":41,"column":41},"end":{"line":65,"column":1}},"line":41},"2":{"name":"(anonymous_2)","decl":{"start":{"line":67,"column":19},"end":{"line":67,"column":20}},"loc":{"start":{"line":67,"column":45},"end":{"line":78,"column":1}},"line":67},"3":{"name":"(anonymous_3)","decl":{"start":{"line":80,"column":22},"end":{"line":80,"column":23}},"loc":{"start":{"line":80,"column":48},"end":{"line":106,"column":1}},"line":80}},"branchMap":{},"s":{"0":5,"1":5,"2":5,"3":5,"4":5,"5":2,"6":2,"7":2,"8":2,"9":2,"10":2,"11":0,"12":0,"13":2,"14":2,"15":5,"16":10,"17":10,"18":10,"19":10,"20":10,"21":10,"22":0,"23":0,"24":5,"25":1,"26":1,"27":1,"28":0,"29":5,"30":3,"31":3,"32":3,"33":3,"34":3,"35":3,"36":2,"37":2,"38":1,"39":1},"f":{"0":2,"1":10,"2":1,"3":3},"b":{},"_coverageSchema":"1a1c01bbd47fc00a2c39e90264f33305004495a9","hash":"9155e2d0d4c6b46a4b49dc5cf851db8f75fef117"}
,"C:\\Users\\grume\\OneDrive\\Área de Trabalho\\api_ecommerce\\api_ecommerce\\src\\middlewares\\auth.js": {"path":"C:\\Users\\grume\\OneDrive\\Área de Trabalho\\api_ecommerce\\api_ecommerce\\src\\middlewares\\auth.js","statementMap":{"0":{"start":{"line":1,"column":12},"end":{"line":1,"column":35}},"1":{"start":{"line":3,"column":0},"end":{"line":36,"column":1}},"2":{"start":{"line":5,"column":23},"end":{"line":5,"column":48}},"3":{"start":{"line":7,"column":4},"end":{"line":12,"column":5}},"4":{"start":{"line":8,"column":8},"end":{"line":11,"column":10}},"5":{"start":{"line":14,"column":18},"end":{"line":14,"column":42}},"6":{"start":{"line":16,"column":4},"end":{"line":34,"column":5}},"7":{"start":{"line":18,"column":24},"end":{"line":21,"column":9}},"8":{"start":{"line":23,"column":8},"end":{"line":23,"column":26}},"9":{"start":{"line":25,"column":8},"end":{"line":25,"column":14}},"10":{"start":{"line":29,"column":8},"end":{"line":32,"column":10}}},"fnMap":{"0":{"name":"(anonymous_0)","decl":{"start":{"line":3,"column":17},"end":{"line":3,"column":18}},"loc":{"start":{"line":3,"column":37},"end":{"line":36,"column":1}},"line":3}},"branchMap":{"0":{"loc":{"start":{"line":7,"column":4},"end":{"line":12,"column":5}},"type":"if","locations":[{"start":{"line":7,"column":4},"end":{"line":12,"column":5}},{"start":{},"end":{}}],"line":7}},"s":{"0":5,"1":5,"2":18,"3":18,"4":0,"5":18,"6":18,"7":18,"8":18,"9":18,"10":0},"f":{"0":18},"b":{"0":[0,18]},"_coverageSchema":"1a1c01bbd47fc00a2c39e90264f33305004495a9","hash":"737dd94f987894814b9c3cfe1b32a84f4d45239b"}
,"C:\\Users\\grume\\OneDrive\\Área de Trabalho\\api_ecommerce\\api_ecommerce\\src\\middlewares\\authorize.js": {"path":"C:\\Users\\grume\\OneDrive\\Área de Trabalho\\api_ecommerce\\api_ecommerce\\src\\middlewares\\authorize.js","statementMap":{"0":{"start":{"line":3,"column":0},"end":{"line":14,"column":1}},"1":{"start":{"line":4,"column":4},"end":{"line":13,"column":5}},"2":{"start":{"line":5,"column":8},"end":{"line":10,"column":9}},"3":{"start":{"line":6,"column":12},"end":{"line":9,"column":14}},"4":{"start":{"line":12,"column":8},"end":{"line":12,"column":14}}},"fnMap":{"0":{"name":"(anonymous_0)","decl":{"start":{"line":3,"column":17},"end":{"line":3,"column":18}},"loc":{"start":{"line":3,"column":36},"end":{"line":14,"column":1}},"line":3},"1":{"name":"(anonymous_1)","decl":{"start":{"line":4,"column":11},"end":{"line":4,"column":12}},"loc":{"start":{"line":4,"column":31},"end":{"line":13,"column":5}},"line":4}},"branchMap":{"0":{"loc":{"start":{"line":5,"column":8},"end":{"line":10,"column":9}},"type":"if","locations":[{"start":{"line":5,"column":8},"end":{"line":10,"column":9}},{"start":{},"end":{}}],"line":5}},"s":{"0":5,"1":25,"2":12,"3":3,"4":9},"f":{"0":25,"1":12},"b":{"0":[3,9]},"_coverageSchema":"1a1c01bbd47fc00a2c39e90264f33305004495a9","hash":"899cd360288d6b63b5aa93300adf78af3fc23e79"}
,"C:\\Users\\grume\\OneDrive\\Área de Trabalho\\api_ecommerce\\api_ecommerce\\src\\middlewares\\errorHandler.js": {"path":"C:\\Users\\grume\\OneDrive\\Área de Trabalho\\api_ecommerce\\api_ecommerce\\src\\middlewares\\errorHandler.js","statementMap":{"0":{"start":{"line":1,"column":21},"end":{"line":1,"column":35}},"1":{"start":{"line":3,"column":0},"end":{"line":19,"column":1}},"2":{"start":{"line":5,"column":4},"end":{"line":12,"column":5}},"3":{"start":{"line":7,"column":8},"end":{"line":10,"column":10}},"4":{"start":{"line":14,"column":4},"end":{"line":17,"column":6}}},"fnMap":{"0":{"name":"(anonymous_0)","decl":{"start":{"line":3,"column":17},"end":{"line":3,"column":18}},"loc":{"start":{"line":3,"column":42},"end":{"line":19,"column":1}},"line":3}},"branchMap":{"0":{"loc":{"start":{"line":5,"column":4},"end":{"line":12,"column":5}},"type":"if","locations":[{"start":{"line":5,"column":4},"end":{"line":12,"column":5}},{"start":{},"end":{}}],"line":5},"1":{"loc":{"start":{"line":14,"column":22},"end":{"line":14,"column":43}},"type":"binary-expr","locations":[{"start":{"line":14,"column":22},"end":{"line":14,"column":36}},{"start":{"line":14,"column":40},"end":{"line":14,"column":43}}],"line":14},"2":{"loc":{"start":{"line":16,"column":15},"end":{"line":16,"column":56}},"type":"binary-expr","locations":[{"start":{"line":16,"column":15},"end":{"line":16,"column":26}},{"start":{"line":16,"column":30},"end":{"line":16,"column":56}}],"line":16}},"s":{"0":5,"1":5,"2":11,"3":0,"4":11},"f":{"0":11},"b":{"0":[0,11],"1":[11,3],"2":[11,0]},"_coverageSchema":"1a1c01bbd47fc00a2c39e90264f33305004495a9","hash":"44cdccbc9ab34b1a77d4a60cf48fee44f4a26a3d"}
,"C:\\Users\\grume\\OneDrive\\Área de Trabalho\\api_ecommerce\\api_ecommerce\\src\\middlewares\\rateLimiter.js": {"path":"C:\\Users\\grume\\OneDrive\\Área de Trabalho\\api_ecommerce\\api_ecommerce\\src\\middlewares\\rateLimiter.js","statementMap":{"0":{"start":{"line":1,"column":18},"end":{"line":1,"column":47}},"1":{"start":{"line":3,"column":16},"end":{"line":22,"column":2}},"2":{"start":{"line":14,"column":8},"end":{"line":14,"column":32}},"3":{"start":{"line":16,"column":8},"end":{"line":18,"column":10}},"4":{"start":{"line":24,"column":0},"end":{"line":24,"column":24}}},"fnMap":{"0":{"name":"(anonymous_0)","decl":{"start":{"line":12,"column":13},"end":{"line":12,"column":14}},"loc":{"start":{"line":12,"column":27},"end":{"line":20,"column":5}},"line":12}},"branchMap":{},"s":{"0":5,"1":5,"2":4,"3":4,"4":5},"f":{"0":4},"b":{},"_coverageSchema":"1a1c01bbd47fc00a2c39e90264f33305004495a9","hash":"fe5263cc8f035ce81a64ec9b7ad7356a6edd6bc8"}
,"C:\\Users\\grume\\OneDrive\\Área de Trabalho\\api_ecommerce\\api_ecommerce\\src\\repositories\\cartRepository.js": {"path":"C:\\Users\\grume\\OneDrive\\Área de Trabalho\\api_ecommerce\\api_ecommerce\\src\\repositories\\cartRepository.js","statementMap":{"0":{"start":{"line":1,"column":25},"end":{"line":1,"column":50}},"1":{"start":{"line":3,"column":15},"end":{"line":3,"column":33}},"2":{"start":{"line":5,"column":0},"end":{"line":36,"column":1}},"3":{"start":{"line":10,"column":26},"end":{"line":15,"column":6}},"4":{"start":{"line":17,"column":4},"end":{"line":27,"column":5}},"5":{"start":{"line":18,"column":8},"end":{"line":26,"column":10}},"6":{"start":{"line":29,"column":4},"end":{"line":35,"column":6}},"7":{"start":{"line":38,"column":0},"end":{"line":49,"column":1}},"8":{"start":{"line":40,"column":4},"end":{"line":47,"column":6}}},"fnMap":{"0":{"name":"(anonymous_0)","decl":{"start":{"line":5,"column":20},"end":{"line":5,"column":21}},"loc":{"start":{"line":9,"column":5},"end":{"line":36,"column":1}},"line":9},"1":{"name":"(anonymous_1)","decl":{"start":{"line":38,"column":18},"end":{"line":38,"column":19}},"loc":{"start":{"line":38,"column":39},"end":{"line":49,"column":1}},"line":38}},"branchMap":{"0":{"loc":{"start":{"line":17,"column":4},"end":{"line":27,"column":5}},"type":"if","locations":[{"start":{"line":17,"column":4},"end":{"line":27,"column":5}},{"start":{},"end":{}}],"line":17}},"s":{"0":5,"1":5,"2":5,"3":1,"4":1,"5":0,"6":1,"7":5,"8":0},"f":{"0":1,"1":0},"b":{"0":[0,1]},"_coverageSchema":"1a1c01bbd47fc00a2c39e90264f33305004495a9","hash":"34a0480c87d7a8ef2299a5c2cd6a74ae6271c926"}
,"C:\\Users\\grume\\OneDrive\\Área de Trabalho\\api_ecommerce\\api_ecommerce\\src\\repositories\\orderRepository.js": {"path":"C:\\Users\\grume\\OneDrive\\Área de Trabalho\\api_ecommerce\\api_ecommerce\\src\\repositories\\orderRepository.js","statementMap":{"0":{"start":{"line":1,"column":25},"end":{"line":1,"column":50}},"1":{"start":{"line":3,"column":15},"end":{"line":3,"column":33}},"2":{"start":{"line":5,"column":0},"end":{"line":14,"column":1}},"3":{"start":{"line":6,"column":4},"end":{"line":13,"column":6}},"4":{"start":{"line":16,"column":0},"end":{"line":23,"column":1}},"5":{"start":{"line":17,"column":4},"end":{"line":22,"column":6}},"6":{"start":{"line":25,"column":0},"end":{"line":31,"column":1}},"7":{"start":{"line":26,"column":4},"end":{"line":30,"column":6}},"8":{"start":{"line":33,"column":0},"end":{"line":42,"column":1}},"9":{"start":{"line":34,"column":4},"end":{"line":41,"column":6}},"10":{"start":{"line":44,"column":0},"end":{"line":53,"column":1}},"11":{"start":{"line":45,"column":4},"end":{"line":52,"column":6}},"12":{"start":{"line":55,"column":0},"end":{"line":64,"column":1}},"13":{"start":{"line":56,"column":4},"end":{"line":63,"column":6}}},"fnMap":{"0":{"name":"(anonymous_0)","decl":{"start":{"line":5,"column":23},"end":{"line":5,"column":24}},"loc":{"start":{"line":5,"column":44},"end":{"line":14,"column":1}},"line":5},"1":{"name":"(anonymous_1)","decl":{"start":{"line":16,"column":22},"end":{"line":16,"column":23}},"loc":{"start":{"line":16,"column":50},"end":{"line":23,"column":1}},"line":16},"2":{"name":"(anonymous_2)","decl":{"start":{"line":25,"column":20},"end":{"line":25,"column":21}},"loc":{"start":{"line":25,"column":41},"end":{"line":31,"column":1}},"line":25},"3":{"name":"(anonymous_3)","decl":{"start":{"line":33,"column":20},"end":{"line":33,"column":21}},"loc":{"start":{"line":33,"column":41},"end":{"line":42,"column":1}},"line":33},"4":{"name":"(anonymous_4)","decl":{"start":{"line":44,"column":27},"end":{"line":44,"column":28}},"loc":{"start":{"line":44,"column":85},"end":{"line":53,"column":1}},"line":44},"5":{"name":"(anonymous_5)","decl":{"start":{"line":55,"column":24},"end":{"line":55,"column":25}},"loc":{"start":{"line":55,"column":58},"end":{"line":64,"column":1}},"line":55}},"branchMap":{},"s":{"0":5,"1":5,"2":5,"3":2,"4":5,"5":0,"6":5,"7":0,"8":5,"9":1,"10":5,"11":0,"12":5,"13":0},"f":{"0":2,"1":0,"2":0,"3":1,"4":0,"5":0},"b":{},"_coverageSchema":"1a1c01bbd47fc00a2c39e90264f33305004495a9","hash":"a0bdd974a8fa20cd07de485ca5dcc2054d47eb78"}
,"C:\\Users\\grume\\OneDrive\\Área de Trabalho\\api_ecommerce\\api_ecommerce\\src\\repositories\\productRepository.js": {"path":"C:\\Users\\grume\\OneDrive\\Área de Trabalho\\api_ecommerce\\api_ecommerce\\src\\repositories\\productRepository.js","statementMap":{"0":{"start":{"line":1,"column":25},"end":{"line":1,"column":50}},"1":{"start":{"line":3,"column":15},"end":{"line":3,"column":33}},"2":{"start":{"line":5,"column":0},"end":{"line":9,"column":1}},"3":{"start":{"line":6,"column":4},"end":{"line":8,"column":6}},"4":{"start":{"line":11,"column":0},"end":{"line":13,"column":1}},"5":{"start":{"line":12,"column":4},"end":{"line":12,"column":42}},"6":{"start":{"line":15,"column":0},"end":{"line":24,"column":1}},"7":{"start":{"line":16,"column":4},"end":{"line":23,"column":6}},"8":{"start":{"line":26,"column":0},"end":{"line":32,"column":1}},"9":{"start":{"line":27,"column":4},"end":{"line":31,"column":6}}},"fnMap":{"0":{"name":"(anonymous_0)","decl":{"start":{"line":5,"column":24},"end":{"line":5,"column":25}},"loc":{"start":{"line":5,"column":40},"end":{"line":9,"column":1}},"line":5},"1":{"name":"(anonymous_1)","decl":{"start":{"line":11,"column":22},"end":{"line":11,"column":23}},"loc":{"start":{"line":11,"column":34},"end":{"line":13,"column":1}},"line":11},"2":{"name":"(anonymous_2)","decl":{"start":{"line":15,"column":24},"end":{"line":15,"column":25}},"loc":{"start":{"line":15,"column":60},"end":{"line":24,"column":1}},"line":15},"3":{"name":"(anonymous_3)","decl":{"start":{"line":26,"column":24},"end":{"line":26,"column":25}},"loc":{"start":{"line":26,"column":38},"end":{"line":32,"column":1}},"line":26}},"branchMap":{},"s":{"0":6,"1":6,"2":6,"3":0,"4":6,"5":0,"6":6,"7":2,"8":6,"9":2},"f":{"0":0,"1":0,"2":2,"3":2},"b":{},"_coverageSchema":"1a1c01bbd47fc00a2c39e90264f33305004495a9","hash":"c9d07ff1d056ee5bc4809e26750d497f41e759a2"}
,"C:\\Users\\grume\\OneDrive\\Área de Trabalho\\api_ecommerce\\api_ecommerce\\src\\repositories\\userRepository.js": {"path":"C:\\Users\\grume\\OneDrive\\Área de Trabalho\\api_ecommerce\\api_ecommerce\\src\\repositories\\userRepository.js","statementMap":{"0":{"start":{"line":2,"column":25},"end":{"line":2,"column":50}},"1":{"start":{"line":3,"column":15},"end":{"line":3,"column":40}},"2":{"start":{"line":5,"column":15},"end":{"line":5,"column":33}},"3":{"start":{"line":7,"column":0},"end":{"line":11,"column":1}},"4":{"start":{"line":8,"column":4},"end":{"line":10,"column":6}},"5":{"start":{"line":13,"column":0},"end":{"line":17,"column":1}},"6":{"start":{"line":14,"column":4},"end":{"line":16,"column":6}},"7":{"start":{"line":19,"column":0},"end":{"line":21,"column":1}},"8":{"start":{"line":20,"column":4},"end":{"line":20,"column":42}},"9":{"start":{"line":23,"column":0},"end":{"line":27,"column":1}},"10":{"start":{"line":24,"column":4},"end":{"line":26,"column":6}},"11":{"start":{"line":29,"column":0},"end":{"line":34,"column":1}},"12":{"start":{"line":30,"column":4},"end":{"line":33,"column":6}}},"fnMap":{"0":{"name":"(anonymous_0)","decl":{"start":{"line":7,"column":22},"end":{"line":7,"column":23}},"loc":{"start":{"line":7,"column":39},"end":{"line":11,"column":1}},"line":7},"1":{"name":"(anonymous_1)","decl":{"start":{"line":13,"column":21},"end":{"line":13,"column":22}},"loc":{"start":{"line":13,"column":37},"end":{"line":17,"column":1}},"line":13},"2":{"name":"(anonymous_2)","decl":{"start":{"line":19,"column":18},"end":{"line":19,"column":19}},"loc":{"start":{"line":19,"column":30},"end":{"line":21,"column":1}},"line":19},"3":{"name":"(anonymous_3)","decl":{"start":{"line":23,"column":19},"end":{"line":23,"column":20}},"loc":{"start":{"line":23,"column":33},"end":{"line":27,"column":1}},"line":23},"4":{"name":"(anonymous_4)","decl":{"start":{"line":29,"column":17},"end":{"line":29,"column":18}},"loc":{"start":{"line":29,"column":36},"end":{"line":34,"column":1}},"line":29}},"branchMap":{},"s":{"0":5,"1":5,"2":5,"3":5,"4":12,"5":5,"6":0,"7":5,"8":1,"9":5,"10":3,"11":5,"12":2},"f":{"0":12,"1":0,"2":1,"3":3,"4":2},"b":{},"_coverageSchema":"1a1c01bbd47fc00a2c39e90264f33305004495a9","hash":"ef6304e3bd2b98bb1c37a0ac019fe8ba5a4d4871"}
,"C:\\Users\\grume\\OneDrive\\Área de Trabalho\\api_ecommerce\\api_ecommerce\\src\\routes\\cartRoutes.js": {"path":"C:\\Users\\grume\\OneDrive\\Área de Trabalho\\api_ecommerce\\api_ecommerce\\src\\routes\\cartRoutes.js","statementMap":{"0":{"start":{"line":1,"column":16},"end":{"line":1,"column":34}},"1":{"start":{"line":2,"column":15},"end":{"line":2,"column":31}},"2":{"start":{"line":3,"column":23},"end":{"line":3,"column":63}},"3":{"start":{"line":4,"column":13},"end":{"line":4,"column":43}},"4":{"start":{"line":45,"column":0},"end":{"line":45,"column":56}},"5":{"start":{"line":82,"column":0},"end":{"line":82,"column":53}},"6":{"start":{"line":85,"column":0},"end":{"line":85,"column":23}}},"fnMap":{},"branchMap":{},"s":{"0":5,"1":5,"2":5,"3":5,"4":5,"5":5,"6":5},"f":{},"b":{},"_coverageSchema":"1a1c01bbd47fc00a2c39e90264f33305004495a9","hash":"a29992322101036baf335af523e3606b9af735c8"}
,"C:\\Users\\grume\\OneDrive\\Área de Trabalho\\api_ecommerce\\api_ecommerce\\src\\routes\\orderRoutes.js": {"path":"C:\\Users\\grume\\OneDrive\\Área de Trabalho\\api_ecommerce\\api_ecommerce\\src\\routes\\orderRoutes.js","statementMap":{"0":{"start":{"line":1,"column":16},"end":{"line":1,"column":34}},"1":{"start":{"line":2,"column":15},"end":{"line":2,"column":31}},"2":{"start":{"line":3,"column":24},"end":{"line":3,"column":65}},"3":{"start":{"line":4,"column":13},"end":{"line":4,"column":43}},"4":{"start":{"line":32,"column":0},"end":{"line":32,"column":57}},"5":{"start":{"line":69,"column":0},"end":{"line":69,"column":55}},"6":{"start":{"line":71,"column":0},"end":{"line":71,"column":23}}},"fnMap":{},"branchMap":{},"s":{"0":5,"1":5,"2":5,"3":5,"4":5,"5":5,"6":5},"f":{},"b":{},"_coverageSchema":"1a1c01bbd47fc00a2c39e90264f33305004495a9","hash":"5e8c34cbb8e47d30e28b677f8e051697ee63b8d4"}
,"C:\\Users\\grume\\OneDrive\\Área de Trabalho\\api_ecommerce\\api_ecommerce\\src\\routes\\productRoutes.js": {"path":"C:\\Users\\grume\\OneDrive\\Área de Trabalho\\api_ecommerce\\api_ecommerce\\src\\routes\\productRoutes.js","statementMap":{"0":{"start":{"line":1,"column":16},"end":{"line":1,"column":34}},"1":{"start":{"line":2,"column":15},"end":{"line":2,"column":31}},"2":{"start":{"line":3,"column":26},"end":{"line":3,"column":69}},"3":{"start":{"line":4,"column":18},"end":{"line":4,"column":53}},"4":{"start":{"line":5,"column":13},"end":{"line":5,"column":43}},"5":{"start":{"line":48,"column":0},"end":{"line":48,"column":83}},"6":{"start":{"line":84,"column":0},"end":{"line":84,"column":54}},"7":{"start":{"line":86,"column":0},"end":{"line":86,"column":83}},"8":{"start":{"line":88,"column":0},"end":{"line":88,"column":86}},"9":{"start":{"line":90,"column":0},"end":{"line":90,"column":23}}},"fnMap":{},"branchMap":{},"s":{"0":5,"1":5,"2":5,"3":5,"4":5,"5":5,"6":5,"7":5,"8":5,"9":5},"f":{},"b":{},"_coverageSchema":"1a1c01bbd47fc00a2c39e90264f33305004495a9","hash":"dfe7426a07a914eb6eda8752a228fe5b20d8eb41"}
,"C:\\Users\\grume\\OneDrive\\Área de Trabalho\\api_ecommerce\\api_ecommerce\\src\\routes\\userRoutes.js": {"path":"C:\\Users\\grume\\OneDrive\\Área de Trabalho\\api_ecommerce\\api_ecommerce\\src\\routes\\userRoutes.js","statementMap":{"0":{"start":{"line":1,"column":16},"end":{"line":1,"column":34}},"1":{"start":{"line":2,"column":15},"end":{"line":2,"column":31}},"2":{"start":{"line":3,"column":23},"end":{"line":3,"column":63}},"3":{"start":{"line":4,"column":16},"end":{"line":4,"column":53}},"4":{"start":{"line":5,"column":18},"end":{"line":5,"column":53}},"5":{"start":{"line":6,"column":23},"end":{"line":6,"column":53}},"6":{"start":{"line":8,"column":0},"end":{"line":8,"column":27}},"7":{"start":{"line":44,"column":0},"end":{"line":44,"column":52}},"8":{"start":{"line":86,"column":0},"end":{"line":86,"column":49}},"9":{"start":{"line":88,"column":0},"end":{"line":88,"column":81}},"10":{"start":{"line":90,"column":0},"end":{"line":90,"column":88}},"11":{"start":{"line":92,"column":0},"end":{"line":92,"column":23}}},"fnMap":{},"branchMap":{},"s":{"0":5,"1":5,"2":5,"3":5,"4":5,"5":5,"6":5,"7":5,"8":5,"9":5,"10":5,"11":5},"f":{},"b":{},"_coverageSchema":"1a1c01bbd47fc00a2c39e90264f33305004495a9","hash":"88fccbb4ffb01cd57630347df80ad03502ee15f0"}
,"C:\\Users\\grume\\OneDrive\\Área de Trabalho\\api_ecommerce\\api_ecommerce\\src\\services\\cartService.js": {"path":"C:\\Users\\grume\\OneDrive\\Área de Trabalho\\api_ecommerce\\api_ecommerce\\src\\services\\cartService.js","statementMap":{"0":{"start":{"line":1,"column":23},"end":{"line":1,"column":64}},"1":{"start":{"line":2,"column":17},"end":{"line":2,"column":45}},"2":{"start":{"line":4,"column":0},"end":{"line":20,"column":1}},"3":{"start":{"line":6,"column":4},"end":{"line":8,"column":5}},"4":{"start":{"line":7,"column":8},"end":{"line":7,"column":59}},"5":{"start":{"line":10,"column":4},"end":{"line":14,"column":5}},"6":{"start":{"line":16,"column":4},"end":{"line":18,"column":5}},"7":{"start":{"line":22,"column":0},"end":{"line":28,"column":1}},"8":{"start":{"line":24,"column":21},"end":{"line":24,"column":61}},"9":{"start":{"line":26,"column":4},"end":{"line":26,"column":19}}},"fnMap":{"0":{"name":"(anonymous_0)","decl":{"start":{"line":4,"column":20},"end":{"line":4,"column":21}},"loc":{"start":{"line":4,"column":65},"end":{"line":20,"column":1}},"line":4},"1":{"name":"(anonymous_1)","decl":{"start":{"line":22,"column":18},"end":{"line":22,"column":19}},"loc":{"start":{"line":22,"column":39},"end":{"line":28,"column":1}},"line":22}},"branchMap":{"0":{"loc":{"start":{"line":6,"column":4},"end":{"line":8,"column":5}},"type":"if","locations":[{"start":{"line":6,"column":4},"end":{"line":8,"column":5}},{"start":{},"end":{}}],"line":6},"1":{"loc":{"start":{"line":6,"column":7},"end":{"line":6,"column":52}},"type":"binary-expr","locations":[{"start":{"line":6,"column":7},"end":{"line":6,"column":18}},{"start":{"line":6,"column":22},"end":{"line":6,"column":33}},{"start":{"line":6,"column":37},"end":{"line":6,"column":52}}],"line":6}},"s":{"0":5,"1":5,"2":5,"3":3,"4":2,"5":1,"6":1,"7":5,"8":0,"9":0},"f":{"0":3,"1":0},"b":{"0":[2,1],"1":[3,2,2]},"_coverageSchema":"1a1c01bbd47fc00a2c39e90264f33305004495a9","hash":"173a9e12c3f393388390dbea17daaed89a540738"}
,"C:\\Users\\grume\\OneDrive\\Área de Trabalho\\api_ecommerce\\api_ecommerce\\src\\services\\orderService.js": {"path":"C:\\Users\\grume\\OneDrive\\Área de Trabalho\\api_ecommerce\\api_ecommerce\\src\\services\\orderService.js","statementMap":{"0":{"start":{"line":1,"column":24},"end":{"line":1,"column":66}},"1":{"start":{"line":2,"column":17},"end":{"line":2,"column":45}},"2":{"start":{"line":3,"column":25},"end":{"line":3,"column":50}},"3":{"start":{"line":4,"column":15},"end":{"line":4,"column":33}},"4":{"start":{"line":6,"column":0},"end":{"line":83,"column":1}},"5":{"start":{"line":8,"column":21},"end":{"line":8,"column":67}},"6":{"start":{"line":10,"column":4},"end":{"line":12,"column":5}},"7":{"start":{"line":11,"column":8},"end":{"line":11,"column":49}},"8":{"start":{"line":14,"column":4},"end":{"line":81,"column":6}},"9":{"start":{"line":16,"column":8},"end":{"line":25,"column":9}},"10":{"start":{"line":18,"column":12},"end":{"line":23,"column":13}},"11":{"start":{"line":19,"column":16},"end":{"line":22,"column":17}},"12":{"start":{"line":27,"column":22},"end":{"line":32,"column":13}},"13":{"start":{"line":28,"column":12},"end":{"line":31,"column":13}},"14":{"start":{"line":34,"column":23},"end":{"line":39,"column":10}},"15":{"start":{"line":41,"column":8},"end":{"line":52,"column":9}},"16":{"start":{"line":43,"column":12},"end":{"line":50,"column":14}},"17":{"start":{"line":54,"column":8},"end":{"line":67,"column":9}},"18":{"start":{"line":56,"column":12},"end":{"line":65,"column":14}},"19":{"start":{"line":69,"column":8},"end":{"line":73,"column":10}},"20":{"start":{"line":75,"column":8},"end":{"line":79,"column":9}},"21":{"start":{"line":85,"column":0},"end":{"line":91,"column":1}},"22":{"start":{"line":87,"column":20},"end":{"line":87,"column":63}},"23":{"start":{"line":89,"column":4},"end":{"line":89,"column":18}}},"fnMap":{"0":{"name":"(anonymous_0)","decl":{"start":{"line":6,"column":22},"end":{"line":6,"column":23}},"loc":{"start":{"line":6,"column":43},"end":{"line":83,"column":1}},"line":6},"1":{"name":"(anonymous_1)","decl":{"start":{"line":14,"column":37},"end":{"line":14,"column":38}},"loc":{"start":{"line":14,"column":51},"end":{"line":81,"column":5}},"line":14},"2":{"name":"(anonymous_2)","decl":{"start":{"line":27,"column":38},"end":{"line":27,"column":39}},"loc":{"start":{"line":27,"column":53},"end":{"line":32,"column":9}},"line":27},"3":{"name":"(anonymous_3)","decl":{"start":{"line":85,"column":20},"end":{"line":85,"column":21}},"loc":{"start":{"line":85,"column":41},"end":{"line":91,"column":1}},"line":85}},"branchMap":{"0":{"loc":{"start":{"line":10,"column":4},"end":{"line":12,"column":5}},"type":"if","locations":[{"start":{"line":10,"column":4},"end":{"line":12,"column":5}},{"start":{},"end":{}}],"line":10},"1":{"loc":{"start":{"line":18,"column":12},"end":{"line":23,"column":13}},"type":"if","locations":[{"start":{"line":18,"column":12},"end":{"line":23,"column":13}},{"start":{},"end":{}}],"line":18}},"s":{"0":5,"1":5,"2":5,"3":5,"4":5,"5":2,"6":2,"7":1,"8":1,"9":1,"10":2,"11":1,"12":0,"13":0,"14":0,"15":0,"16":0,"17":0,"18":0,"19":0,"20":0,"21":5,"22":1,"23":1},"f":{"0":2,"1":1,"2":0,"3":1},"b":{"0":[1,1],"1":[1,1]},"_coverageSchema":"1a1c01bbd47fc00a2c39e90264f33305004495a9","hash":"756e47154b428dadc6463bf5f45af9768572991c"}
,"C:\\Users\\grume\\OneDrive\\Área de Trabalho\\api_ecommerce\\api_ecommerce\\src\\services\\productService.js": {"path":"C:\\Users\\grume\\OneDrive\\Área de Trabalho\\api_ecommerce\\api_ecommerce\\src\\services\\productService.js","statementMap":{"0":{"start":{"line":1,"column":19},"end":{"line":1,"column":37}},"1":{"start":{"line":2,"column":20},"end":{"line":2,"column":46}},"2":{"start":{"line":3,"column":26},"end":{"line":3,"column":70}},"3":{"start":{"line":4,"column":17},"end":{"line":4,"column":45}},"4":{"start":{"line":5,"column":15},"end":{"line":5,"column":42}},"5":{"start":{"line":7,"column":0},"end":{"line":26,"column":1}},"6":{"start":{"line":9,"column":4},"end":{"line":9,"column":60}},"7":{"start":{"line":11,"column":4},"end":{"line":13,"column":5}},"8":{"start":{"line":12,"column":8},"end":{"line":12,"column":59}},"9":{"start":{"line":15,"column":20},"end":{"line":19,"column":6}},"10":{"start":{"line":21,"column":4},"end":{"line":24,"column":5}},"11":{"start":{"line":28,"column":0},"end":{"line":54,"column":1}},"12":{"start":{"line":29,"column":4},"end":{"line":29,"column":48}},"13":{"start":{"line":30,"column":18},"end":{"line":30,"column":51}},"14":{"start":{"line":32,"column":4},"end":{"line":35,"column":5}},"15":{"start":{"line":33,"column":8},"end":{"line":33,"column":46}},"16":{"start":{"line":34,"column":8},"end":{"line":34,"column":32}},"17":{"start":{"line":37,"column":4},"end":{"line":37,"column":42}},"18":{"start":{"line":39,"column":21},"end":{"line":39,"column":58}},"19":{"start":{"line":41,"column":4},"end":{"line":41,"column":45}},"20":{"start":{"line":43,"column":4},"end":{"line":49,"column":5}},"21":{"start":{"line":52,"column":4},"end":{"line":52,"column":19}},"22":{"start":{"line":56,"column":0},"end":{"line":84,"column":1}},"23":{"start":{"line":58,"column":4},"end":{"line":63,"column":5}},"24":{"start":{"line":59,"column":8},"end":{"line":62,"column":9}},"25":{"start":{"line":65,"column":19},"end":{"line":70,"column":5}},"26":{"start":{"line":72,"column":4},"end":{"line":77,"column":5}},"27":{"start":{"line":73,"column":8},"end":{"line":76,"column":9}},"28":{"start":{"line":79,"column":4},"end":{"line":82,"column":5}},"29":{"start":{"line":86,"column":0},"end":{"line":102,"column":1}},"30":{"start":{"line":88,"column":19},"end":{"line":88,"column":60}},"31":{"start":{"line":90,"column":4},"end":{"line":95,"column":5}},"32":{"start":{"line":91,"column":8},"end":{"line":94,"column":9}},"33":{"start":{"line":97,"column":4},"end":{"line":100,"column":5}}},"fnMap":{"0":{"name":"(anonymous_0)","decl":{"start":{"line":7,"column":24},"end":{"line":7,"column":25}},"loc":{"start":{"line":7,"column":55},"end":{"line":26,"column":1}},"line":7},"1":{"name":"(anonymous_1)","decl":{"start":{"line":28,"column":22},"end":{"line":28,"column":23}},"loc":{"start":{"line":28,"column":33},"end":{"line":54,"column":1}},"line":28},"2":{"name":"(anonymous_2)","decl":{"start":{"line":56,"column":24},"end":{"line":56,"column":25}},"loc":{"start":{"line":56,"column":60},"end":{"line":84,"column":1}},"line":56},"3":{"name":"(anonymous_3)","decl":{"start":{"line":86,"column":24},"end":{"line":86,"column":25}},"loc":{"start":{"line":86,"column":38},"end":{"line":102,"column":1}},"line":86}},"branchMap":{"0":{"loc":{"start":{"line":11,"column":4},"end":{"line":13,"column":5}},"type":"if","locations":[{"start":{"line":11,"column":4},"end":{"line":13,"column":5}},{"start":{},"end":{}}],"line":11},"1":{"loc":{"start":{"line":11,"column":7},"end":{"line":11,"column":52}},"type":"binary-expr","locations":[{"start":{"line":11,"column":7},"end":{"line":11,"column":12}},{"start":{"line":11,"column":16},"end":{"line":11,"column":22}},{"start":{"line":11,"column":26},"end":{"line":11,"column":38}},{"start":{"line":11,"column":42},"end":{"line":11,"column":52}}],"line":11},"2":{"loc":{"start":{"line":32,"column":4},"end":{"line":35,"column":5}},"type":"if","locations":[{"start":{"line":32,"column":4},"end":{"line":35,"column":5}},{"start":{},"end":{}}],"line":32},"3":{"loc":{"start":{"line":58,"column":4},"end":{"line":63,"column":5}},"type":"if","locations":[{"start":{"line":58,"column":4},"end":{"line":63,"column":5}},{"start":{},"end":{}}],"line":58},"4":{"loc":{"start":{"line":58,"column":7},"end":{"line":58,"column":22}},"type":"binary-expr","locations":[{"start":{"line":58,"column":7},"end":{"line":58,"column":12}},{"start":{"line":58,"column":16},"end":{"line":58,"column":22}}],"line":58},"5":{"loc":{"start":{"line":72,"column":4},"end":{"line":77,"column":5}},"type":"if","locations":[{"start":{"line":72,"column":4},"end":{"line":77,"column":5}},{"start":{},"end":{}}],"line":72},"6":{"loc":{"start":{"line":90,"column":4},"end":{"line":95,"column":5}},"type":"if","locations":[{"start":{"line":90,"column":4},"end":{"line":95,"column":5}},{"start":{},"end":{}}],"line":90}},"s":{"0":6,"1":6,"2":6,"3":6,"4":6,"5":6,"6":1,"7":1,"8":1,"9":0,"10":0,"11":6,"12":2,"13":2,"14":2,"15":1,"16":1,"17":1,"18":1,"19":1,"20":1,"21":1,"22":6,"23":2,"24":0,"25":2,"26":1,"27":0,"28":1,"29":6,"30":2,"31":0,"32":0,"33":0},"f":{"0":1,"1":2,"2":2,"3":2},"b":{"0":[1,0],"1":[1,1,1,1],"2":[1,1],"3":[0,2],"4":[2,2],"5":[0,1],"6":[0,0]},"_coverageSchema":"1a1c01bbd47fc00a2c39e90264f33305004495a9","hash":"fa5110a2587a11a85f7003d37bf9b2604d972302"}
,"C:\\Users\\grume\\OneDrive\\Área de Trabalho\\api_ecommerce\\api_ecommerce\\src\\services\\userService.js": {"path":"C:\\Users\\grume\\OneDrive\\Área de Trabalho\\api_ecommerce\\api_ecommerce\\src\\services\\userService.js","statementMap":{"0":{"start":{"line":1,"column":15},"end":{"line":1,"column":32}},"1":{"start":{"line":3,"column":23},"end":{"line":3,"column":64}},"2":{"start":{"line":4,"column":12},"end":{"line":4,"column":35}},"3":{"start":{"line":5,"column":17},"end":{"line":5,"column":48}},"4":{"start":{"line":6,"column":15},"end":{"line":6,"column":45}},"5":{"start":{"line":8,"column":0},"end":{"line":30,"column":1}},"6":{"start":{"line":10,"column":26},"end":{"line":10,"column":65}},"7":{"start":{"line":12,"column":4},"end":{"line":15,"column":5}},"8":{"start":{"line":13,"column":8},"end":{"line":13,"column":76}},"9":{"start":{"line":14,"column":8},"end":{"line":14,"column":52}},"10":{"start":{"line":17,"column":22},"end":{"line":17,"column":50}},"11":{"start":{"line":19,"column":20},"end":{"line":24,"column":6}},"12":{"start":{"line":26,"column":4},"end":{"line":29,"column":5}},"13":{"start":{"line":32,"column":0},"end":{"line":71,"column":1}},"14":{"start":{"line":34,"column":4},"end":{"line":36,"column":5}},"15":{"start":{"line":35,"column":8},"end":{"line":35,"column":59}},"16":{"start":{"line":38,"column":20},"end":{"line":38,"column":59}},"17":{"start":{"line":40,"column":4},"end":{"line":43,"column":5}},"18":{"start":{"line":41,"column":8},"end":{"line":41,"column":56}},"19":{"start":{"line":42,"column":8},"end":{"line":42,"column":56}},"20":{"start":{"line":45,"column":24},"end":{"line":48,"column":5}},"21":{"start":{"line":50,"column":4},"end":{"line":53,"column":5}},"22":{"start":{"line":51,"column":8},"end":{"line":51,"column":56}},"23":{"start":{"line":55,"column":18},"end":{"line":64,"column":5}},"24":{"start":{"line":66,"column":4},"end":{"line":69,"column":5}},"25":{"start":{"line":73,"column":0},"end":{"line":82,"column":1}},"26":{"start":{"line":74,"column":18},"end":{"line":74,"column":48}},"27":{"start":{"line":76,"column":4},"end":{"line":81,"column":7}},"28":{"start":{"line":76,"column":30},"end":{"line":81,"column":5}},"29":{"start":{"line":84,"column":0},"end":{"line":111,"column":1}},"30":{"start":{"line":85,"column":4},"end":{"line":85,"column":26}},"31":{"start":{"line":86,"column":4},"end":{"line":86,"column":42}},"32":{"start":{"line":87,"column":4},"end":{"line":87,"column":42}},"33":{"start":{"line":88,"column":17},"end":{"line":88,"column":50}},"34":{"start":{"line":90,"column":4},"end":{"line":92,"column":5}},"35":{"start":{"line":91,"column":8},"end":{"line":91,"column":57}},"36":{"start":{"line":94,"column":20},"end":{"line":94,"column":53}},"37":{"start":{"line":95,"column":20},"end":{"line":95,"column":42}},"38":{"start":{"line":97,"column":4},"end":{"line":99,"column":5}},"39":{"start":{"line":98,"column":8},"end":{"line":98,"column":48}},"40":{"start":{"line":101,"column":23},"end":{"line":104,"column":5}},"41":{"start":{"line":106,"column":4},"end":{"line":108,"column":5}},"42":{"start":{"line":107,"column":8},"end":{"line":107,"column":60}},"43":{"start":{"line":110,"column":4},"end":{"line":110,"column":54}}},"fnMap":{"0":{"name":"(anonymous_0)","decl":{"start":{"line":8,"column":19},"end":{"line":8,"column":20}},"loc":{"start":{"line":8,"column":54},"end":{"line":30,"column":1}},"line":8},"1":{"name":"(anonymous_1)","decl":{"start":{"line":32,"column":16},"end":{"line":32,"column":17}},"loc":{"start":{"line":32,"column":39},"end":{"line":71,"column":1}},"line":32},"2":{"name":"(anonymous_2)","decl":{"start":{"line":73,"column":19},"end":{"line":73,"column":20}},"loc":{"start":{"line":73,"column":31},"end":{"line":82,"column":1}},"line":73},"3":{"name":"(anonymous_3)","decl":{"start":{"line":76,"column":21},"end":{"line":76,"column":22}},"loc":{"start":{"line":76,"column":30},"end":{"line":81,"column":5}},"line":76},"4":{"name":"(anonymous_4)","decl":{"start":{"line":84,"column":22},"end":{"line":84,"column":23}},"loc":{"start":{"line":84,"column":66},"end":{"line":111,"column":1}},"line":84}},"branchMap":{"0":{"loc":{"start":{"line":12,"column":4},"end":{"line":15,"column":5}},"type":"if","locations":[{"start":{"line":12,"column":4},"end":{"line":15,"column":5}},{"start":{},"end":{}}],"line":12},"1":{"loc":{"start":{"line":34,"column":4},"end":{"line":36,"column":5}},"type":"if","locations":[{"start":{"line":34,"column":4},"end":{"line":36,"column":5}},{"start":{},"end":{}}],"line":34},"2":{"loc":{"start":{"line":34,"column":7},"end":{"line":34,"column":23}},"type":"binary-expr","locations":[{"start":{"line":34,"column":7},"end":{"line":34,"column":13}},{"start":{"line":34,"column":17},"end":{"line":34,"column":23}}],"line":34},"3":{"loc":{"start":{"line":40,"column":4},"end":{"line":43,"column":5}},"type":"if","locations":[{"start":{"line":40,"column":4},"end":{"line":43,"column":5}},{"start":{},"end":{}}],"line":40},"4":{"loc":{"start":{"line":50,"column":4},"end":{"line":53,"column":5}},"type":"if","locations":[{"start":{"line":50,"column":4},"end":{"line":53,"column":5}},{"start":{},"end":{}}],"line":50},"5":{"loc":{"start":{"line":90,"column":4},"end":{"line":92,"column":5}},"type":"if","locations":[{"start":{"line":90,"column":4},"end":{"line":92,"column":5}},{"start":{},"end":{}}],"line":90},"6":{"loc":{"start":{"line":97,"column":4},"end":{"line":99,"column":5}},"type":"if","locations":[{"start":{"line":97,"column":4},"end":{"line":99,"column":5}},{"start":{},"end":{}}],"line":97},"7":{"loc":{"start":{"line":97,"column":8},"end":{"line":97,"column":28}},"type":"binary-expr","locations":[{"start":{"line":97,"column":8},"end":{"line":97,"column":16}},{"start":{"line":97,"column":20},"end":{"line":97,"column":28}}],"line":97},"8":{"loc":{"start":{"line":106,"column":4},"end":{"line":108,"column":5}},"type":"if","locations":[{"start":{"line":106,"column":4},"end":{"line":108,"column":5}},{"start":{},"end":{}}],"line":106}},"s":{"0":5,"1":5,"2":5,"3":5,"4":5,"5":5,"6":2,"7":2,"8":2,"9":2,"10":0,"11":0,"12":0,"13":5,"14":10,"15":0,"16":10,"17":10,"18":0,"19":0,"20":10,"21":10,"22":0,"23":10,"24":10,"25":5,"26":1,"27":1,"28":4,"29":5,"30":3,"31":3,"32":3,"33":3,"34":3,"35":1,"36":2,"37":2,"38":2,"39":0,"40":2,"41":2,"42":0,"43":2},"f":{"0":2,"1":10,"2":1,"3":4,"4":3},"b":{"0":[2,0],"1":[0,10],"2":[10,10],"3":[0,10],"4":[0,10],"5":[1,2],"6":[0,2],"7":[2,2],"8":[0,2]},"_coverageSchema":"1a1c01bbd47fc00a2c39e90264f33305004495a9","hash":"b545f51a7cb15b8f1e5b7d01c8741c43e489c582"}
,"C:\\Users\\grume\\OneDrive\\Área de Trabalho\\api_ecommerce\\api_ecommerce\\src\\utils\\AppError.js": {"path":"C:\\Users\\grume\\OneDrive\\Área de Trabalho\\api_ecommerce\\api_ecommerce\\src\\utils\\AppError.js","statementMap":{"0":{"start":{"line":4,"column":8},"end":{"line":4,"column":22}},"1":{"start":{"line":6,"column":8},"end":{"line":6,"column":30}},"2":{"start":{"line":7,"column":8},"end":{"line":7,"column":36}},"3":{"start":{"line":11,"column":0},"end":{"line":11,"column":25}}},"fnMap":{"0":{"name":"(anonymous_0)","decl":{"start":{"line":3,"column":4},"end":{"line":3,"column":5}},"loc":{"start":{"line":3,"column":36},"end":{"line":8,"column":5}},"line":3}},"branchMap":{},"s":{"0":8,"1":8,"2":8,"3":6},"f":{"0":8},"b":{},"_coverageSchema":"1a1c01bbd47fc00a2c39e90264f33305004495a9","hash":"e085517e923f60d3a01fba5801379fab9755114c"}
,"C:\\Users\\grume\\OneDrive\\Área de Trabalho\\api_ecommerce\\api_ecommerce\\src\\validators\\userValidators.js": {"path":"C:\\Users\\grume\\OneDrive\\Área de Trabalho\\api_ecommerce\\api_ecommerce\\src\\validators\\userValidators.js","statementMap":{"0":{"start":{"line":2,"column":21},"end":{"line":2,"column":35}},"1":{"start":{"line":4,"column":23},"end":{"line":10,"column":2}},"2":{"start":{"line":12,"column":20},"end":{"line":15,"column":2}},"3":{"start":{"line":17,"column":0},"end":{"line":20,"column":1}}},"fnMap":{},"branchMap":{},"s":{"0":5,"1":5,"2":5,"3":5},"f":{},"b":{},"_coverageSchema":"1a1c01bbd47fc00a2c39e90264f33305004495a9","hash":"86af6bcdf7c04ca0b612a913d7ce60f77b1b03ee"}
}
