TN:
SF:src\app.js
FN:12,(anonymous_0)
FNF:1
FNH:1
FNDA:1,(anonymous_0)
DA:1,5
DA:2,5
DA:4,5
DA:5,5
DA:6,5
DA:7,5
DA:8,5
DA:10,5
DA:12,5
DA:13,1
DA:18,5
DA:21,5
DA:22,5
DA:23,5
DA:24,5
DA:27,5
DA:29,5
LF:17
LH:17
BRF:0
BRH:0
end_of_record
TN:
SF:src\config\logger.js
FNF:0
FNH:0
DA:2,6
DA:4,6
DA:25,6
LF:3
LH:3
BRF:0
BRH:0
end_of_record
TN:
SF:src\config\redis.js
FN:7,(anonymous_0)
FNF:1
FNH:0
FNDA:0,(anonymous_0)
DA:1,6
DA:3,6
DA:7,6
DA:8,0
DA:11,6
DA:13,6
LF:6
LH:5
BRF:0
BRH:0
end_of_record
TN:
SF:src\controllers\cartController.js
FN:3,(anonymous_0)
FN:30,(anonymous_1)
FNF:2
FNH:1
FNDA:3,(anonymous_0)
FNDA:0,(anonymous_1)
DA:1,5
DA:3,5
DA:5,3
DA:7,3
DA:9,3
DA:10,3
DA:11,3
DA:13,3
DA:19,1
DA:25,2
DA:30,5
DA:32,0
DA:34,0
DA:36,0
DA:40,0
DA:46,0
LF:16
LH:11
BRF:0
BRH:0
end_of_record
TN:
SF:src\controllers\orderController.js
FN:3,(anonymous_0)
FN:24,(anonymous_1)
FNF:2
FNH:2
FNDA:2,(anonymous_0)
FNDA:1,(anonymous_1)
DA:1,5
DA:3,5
DA:5,2
DA:7,2
DA:9,2
DA:13,1
DA:19,1
DA:24,5
DA:26,1
DA:28,1
DA:30,1
DA:34,1
DA:40,0
LF:13
LH:12
BRF:0
BRH:0
end_of_record
TN:
SF:src\controllers\productController.js
FN:4,(anonymous_0)
FN:32,(anonymous_1)
FN:49,(anonymous_2)
FN:80,(anonymous_3)
FNF:4
FNH:3
FNDA:1,(anonymous_0)
FNDA:0,(anonymous_1)
FNDA:2,(anonymous_2)
FNDA:2,(anonymous_3)
DA:1,5
DA:2,5
DA:4,5
DA:6,1
DA:8,1
DA:10,1
DA:12,1
DA:18,0
DA:20,0
DA:26,1
DA:27,1
DA:32,5
DA:34,0
DA:36,0
DA:38,0
DA:44,0
DA:49,5
DA:51,2
DA:53,2
DA:55,2
DA:57,2
DA:59,2
DA:66,1
DA:68,1
DA:74,1
DA:75,1
DA:80,5
DA:82,2
DA:84,2
DA:86,2
DA:88,0
DA:94,2
LF:32
LH:25
BRF:0
BRH:0
end_of_record
TN:
SF:src\controllers\userController.js
FN:8,(anonymous_0)
FN:41,(anonymous_1)
FN:67,(anonymous_2)
FN:80,(anonymous_3)
FNF:4
FNH:4
FNDA:2,(anonymous_0)
FNDA:10,(anonymous_1)
FNDA:1,(anonymous_2)
FNDA:3,(anonymous_3)
DA:3,5
DA:4,5
DA:5,5
DA:6,5
DA:8,5
DA:10,2
DA:12,2
DA:14,2
DA:16,2
DA:18,2
DA:20,2
DA:27,0
DA:29,0
DA:35,2
DA:36,2
DA:41,5
DA:42,10
DA:44,10
DA:46,10
DA:48,10
DA:53,10
DA:55,10
DA:61,0
DA:62,0
DA:67,5
DA:68,1
DA:69,1
DA:71,1
DA:76,0
DA:80,5
DA:81,3
DA:83,3
DA:84,3
DA:85,3
DA:86,3
DA:88,3
DA:95,2
DA:97,2
DA:103,1
DA:104,1
LF:40
LH:35
BRF:0
BRH:0
end_of_record
TN:
SF:src\middlewares\auth.js
FN:3,(anonymous_0)
FNF:1
FNH:1
FNDA:18,(anonymous_0)
DA:1,5
DA:3,5
DA:5,18
DA:7,18
DA:8,0
DA:14,18
DA:16,18
DA:18,18
DA:23,18
DA:25,18
DA:29,0
LF:11
LH:9
BRDA:7,0,0,0
BRDA:7,0,1,18
BRF:2
BRH:1
end_of_record
TN:
SF:src\middlewares\authorize.js
FN:3,(anonymous_0)
FN:4,(anonymous_1)
FNF:2
FNH:2
FNDA:25,(anonymous_0)
FNDA:12,(anonymous_1)
DA:3,5
DA:4,25
DA:5,12
DA:6,3
DA:12,9
LF:5
LH:5
BRDA:5,0,0,3
BRDA:5,0,1,9
BRF:2
BRH:2
end_of_record
TN:
SF:src\middlewares\errorHandler.js
FN:3,(anonymous_0)
FNF:1
FNH:1
FNDA:10,(anonymous_0)
DA:1,5
DA:3,5
DA:5,10
DA:7,0
DA:14,10
LF:5
LH:4
BRDA:5,0,0,0
BRDA:5,0,1,10
BRDA:14,1,0,10
BRDA:14,1,1,3
BRDA:16,2,0,10
BRDA:16,2,1,0
BRF:6
BRH:4
end_of_record
TN:
SF:src\middlewares\rateLimiter.js
FN:12,(anonymous_0)
FNF:1
FNH:1
FNDA:4,(anonymous_0)
DA:1,5
DA:3,5
DA:14,4
DA:16,4
DA:24,5
LF:5
LH:5
BRF:0
BRH:0
end_of_record
TN:
SF:src\repositories\cartRepository.js
FN:5,(anonymous_0)
FN:38,(anonymous_1)
FNF:2
FNH:1
FNDA:1,(anonymous_0)
FNDA:0,(anonymous_1)
DA:1,5
DA:3,5
DA:5,5
DA:10,1
DA:17,1
DA:18,0
DA:29,1
DA:38,5
DA:40,0
LF:9
LH:7
BRDA:17,0,0,0
BRDA:17,0,1,1
BRF:2
BRH:1
end_of_record
TN:
SF:src\repositories\orderRepository.js
FN:5,(anonymous_0)
FN:16,(anonymous_1)
FN:25,(anonymous_2)
FN:33,(anonymous_3)
FN:44,(anonymous_4)
FN:55,(anonymous_5)
FNF:6
FNH:2
FNDA:2,(anonymous_0)
FNDA:0,(anonymous_1)
FNDA:0,(anonymous_2)
FNDA:1,(anonymous_3)
FNDA:0,(anonymous_4)
FNDA:0,(anonymous_5)
DA:1,5
DA:3,5
DA:5,5
DA:6,2
DA:16,5
DA:17,0
DA:25,5
DA:26,0
DA:33,5
DA:34,1
DA:44,5
DA:45,0
DA:55,5
DA:56,0
LF:14
LH:10
BRF:0
BRH:0
end_of_record
TN:
SF:src\repositories\productRepository.js
FN:5,(anonymous_0)
FN:11,(anonymous_1)
FN:15,(anonymous_2)
FN:26,(anonymous_3)
FNF:4
FNH:2
FNDA:0,(anonymous_0)
FNDA:0,(anonymous_1)
FNDA:2,(anonymous_2)
FNDA:2,(anonymous_3)
DA:1,6
DA:3,6
DA:5,6
DA:6,0
DA:11,6
DA:12,0
DA:15,6
DA:16,2
DA:26,6
DA:27,2
LF:10
LH:8
BRF:0
BRH:0
end_of_record
TN:
SF:src\repositories\userRepository.js
FN:7,(anonymous_0)
FN:13,(anonymous_1)
FN:19,(anonymous_2)
FN:23,(anonymous_3)
FN:29,(anonymous_4)
FNF:5
FNH:4
FNDA:12,(anonymous_0)
FNDA:0,(anonymous_1)
FNDA:1,(anonymous_2)
FNDA:3,(anonymous_3)
FNDA:2,(anonymous_4)
DA:2,5
DA:3,5
DA:5,5
DA:7,5
DA:8,12
DA:13,5
DA:14,0
DA:19,5
DA:20,1
DA:23,5
DA:24,3
DA:29,5
DA:30,2
LF:13
LH:12
BRF:0
BRH:0
end_of_record
TN:
SF:src\routes\cartRoutes.js
FNF:0
FNH:0
DA:1,5
DA:2,5
DA:3,5
DA:4,5
DA:45,5
DA:82,5
DA:85,5
LF:7
LH:7
BRF:0
BRH:0
end_of_record
TN:
SF:src\routes\orderRoutes.js
FNF:0
FNH:0
DA:1,5
DA:2,5
DA:3,5
DA:4,5
DA:32,5
DA:69,5
DA:71,5
LF:7
LH:7
BRF:0
BRH:0
end_of_record
TN:
SF:src\routes\productRoutes.js
FNF:0
FNH:0
DA:1,5
DA:2,5
DA:3,5
DA:4,5
DA:5,5
DA:48,5
DA:84,5
DA:86,5
DA:88,5
DA:90,5
LF:10
LH:10
BRF:0
BRH:0
end_of_record
TN:
SF:src\routes\userRoutes.js
FNF:0
FNH:0
DA:1,5
DA:2,5
DA:3,5
DA:4,5
DA:5,5
DA:6,5
DA:8,5
DA:44,5
DA:86,5
DA:88,5
DA:90,5
DA:92,5
LF:12
LH:12
BRF:0
BRH:0
end_of_record
TN:
SF:src\services\cartService.js
FN:4,(anonymous_0)
FN:22,(anonymous_1)
FNF:2
FNH:1
FNDA:3,(anonymous_0)
FNDA:0,(anonymous_1)
DA:1,5
DA:2,5
DA:4,5
DA:6,3
DA:7,2
DA:10,1
DA:16,1
DA:22,5
DA:24,0
DA:26,0
LF:10
LH:8
BRDA:6,0,0,2
BRDA:6,0,1,1
BRDA:6,1,0,3
BRDA:6,1,1,2
BRDA:6,1,2,2
BRF:5
BRH:5
end_of_record
TN:
SF:src\services\orderService.js
FN:6,(anonymous_0)
FN:14,(anonymous_1)
FN:27,(anonymous_2)
FN:85,(anonymous_3)
FNF:4
FNH:4
FNDA:2,(anonymous_0)
FNDA:2,(anonymous_1)
FNDA:1,(anonymous_2)
FNDA:1,(anonymous_3)
DA:1,5
DA:2,5
DA:3,5
DA:4,5
DA:6,5
DA:8,2
DA:10,2
DA:11,0
DA:14,2
DA:16,2
DA:18,3
DA:19,1
DA:27,1
DA:28,1
DA:34,1
DA:41,1
DA:43,1
DA:54,1
DA:56,1
DA:69,1
DA:75,1
DA:85,5
DA:87,1
DA:89,1
LF:24
LH:23
BRDA:10,0,0,0
BRDA:10,0,1,2
BRDA:18,1,0,1
BRDA:18,1,1,2
BRF:4
BRH:3
end_of_record
TN:
SF:src\services\productService.js
FN:7,(anonymous_0)
FN:28,(anonymous_1)
FN:56,(anonymous_2)
FN:86,(anonymous_3)
FNF:4
FNH:4
FNDA:1,(anonymous_0)
FNDA:2,(anonymous_1)
FNDA:2,(anonymous_2)
FNDA:2,(anonymous_3)
DA:1,6
DA:2,6
DA:3,6
DA:4,6
DA:5,6
DA:7,6
DA:9,1
DA:11,1
DA:12,1
DA:15,0
DA:21,0
DA:28,6
DA:29,2
DA:30,2
DA:32,2
DA:33,1
DA:34,1
DA:37,1
DA:39,1
DA:41,1
DA:43,1
DA:52,1
DA:56,6
DA:58,2
DA:59,0
DA:65,2
DA:72,1
DA:73,0
DA:79,1
DA:86,6
DA:88,2
DA:90,0
DA:91,0
DA:97,0
LF:34
LH:27
BRDA:11,0,0,1
BRDA:11,0,1,0
BRDA:11,1,0,1
BRDA:11,1,1,1
BRDA:11,1,2,1
BRDA:11,1,3,1
BRDA:32,2,0,1
BRDA:32,2,1,1
BRDA:58,3,0,0
BRDA:58,3,1,2
BRDA:58,4,0,2
BRDA:58,4,1,2
BRDA:72,5,0,0
BRDA:72,5,1,1
BRDA:90,6,0,0
BRDA:90,6,1,0
BRF:16
BRH:11
end_of_record
TN:
SF:src\services\userService.js
FN:8,(anonymous_0)
FN:32,(anonymous_1)
FN:73,(anonymous_2)
FN:76,(anonymous_3)
FN:84,(anonymous_4)
FNF:5
FNH:5
FNDA:2,(anonymous_0)
FNDA:10,(anonymous_1)
FNDA:1,(anonymous_2)
FNDA:4,(anonymous_3)
FNDA:3,(anonymous_4)
DA:1,5
DA:3,5
DA:4,5
DA:5,5
DA:6,5
DA:8,5
DA:10,2
DA:12,2
DA:13,2
DA:14,2
DA:17,0
DA:19,0
DA:26,0
DA:32,5
DA:34,10
DA:35,0
DA:38,10
DA:40,10
DA:41,0
DA:42,0
DA:45,10
DA:50,10
DA:51,0
DA:55,10
DA:66,10
DA:73,5
DA:74,1
DA:76,4
DA:84,5
DA:85,3
DA:86,3
DA:87,3
DA:88,3
DA:90,3
DA:91,1
DA:94,2
DA:95,2
DA:97,2
DA:98,0
DA:101,2
DA:106,2
DA:107,0
DA:110,2
LF:43
LH:34
BRDA:12,0,0,2
BRDA:12,0,1,0
BRDA:34,1,0,0
BRDA:34,1,1,10
BRDA:34,2,0,10
BRDA:34,2,1,10
BRDA:40,3,0,0
BRDA:40,3,1,10
BRDA:50,4,0,0
BRDA:50,4,1,10
BRDA:90,5,0,1
BRDA:90,5,1,2
BRDA:97,6,0,0
BRDA:97,6,1,2
BRDA:97,7,0,2
BRDA:97,7,1,2
BRDA:106,8,0,0
BRDA:106,8,1,2
BRF:18
BRH:12
end_of_record
TN:
SF:src\utils\AppError.js
FN:3,(anonymous_0)
FNF:1
FNH:1
FNDA:7,(anonymous_0)
DA:4,7
DA:6,7
DA:7,7
DA:11,6
LF:4
LH:4
BRF:0
BRH:0
end_of_record
TN:
SF:src\validators\userValidators.js
FNF:0
FNH:0
DA:2,5
DA:4,5
DA:12,5
DA:17,5
LF:4
LH:4
BRF:0
BRH:0
end_of_record
