TN:
SF:src\app.js
FN:12,(anonymous_0)
FNF:1
FNH:1
FNDA:1,(anonymous_0)
DA:1,4
DA:2,4
DA:4,4
DA:5,4
DA:6,4
DA:7,4
DA:8,4
DA:10,4
DA:12,4
DA:13,1
DA:18,4
DA:21,4
DA:22,4
DA:23,4
DA:24,4
DA:27,4
DA:29,4
LF:17
LH:17
BRF:0
BRH:0
end_of_record
TN:
SF:src\config\logger.js
FNF:0
FNH:0
DA:2,5
DA:4,5
DA:25,5
LF:3
LH:3
BRF:0
BRH:0
end_of_record
TN:
SF:src\config\redis.js
FN:7,(anonymous_0)
FNF:1
FNH:0
FNDA:0,(anonymous_0)
DA:1,5
DA:3,5
DA:7,5
DA:8,0
DA:11,5
DA:13,5
LF:6
LH:5
BRF:0
BRH:0
end_of_record
TN:
SF:src\controllers\cartController.js
FN:3,(anonymous_0)
FN:30,(anonymous_1)
FNF:2
FNH:0
FNDA:0,(anonymous_0)
FNDA:0,(anonymous_1)
DA:1,4
DA:3,4
DA:5,0
DA:7,0
DA:9,0
DA:10,0
DA:11,0
DA:13,0
DA:19,0
DA:25,0
DA:30,4
DA:32,0
DA:34,0
DA:36,0
DA:40,0
DA:46,0
LF:16
LH:3
BRF:0
BRH:0
end_of_record
TN:
SF:src\controllers\orderController.js
FN:3,(anonymous_0)
FN:24,(anonymous_1)
FNF:2
FNH:1
FNDA:1,(anonymous_0)
FNDA:0,(anonymous_1)
DA:1,4
DA:3,4
DA:5,1
DA:7,1
DA:9,1
DA:13,0
DA:19,1
DA:24,4
DA:26,0
DA:28,0
DA:30,0
DA:34,0
DA:40,0
LF:13
LH:7
BRF:0
BRH:0
end_of_record
TN:
SF:src\controllers\productController.js
FN:4,(anonymous_0)
FN:32,(anonymous_1)
FN:49,(anonymous_2)
FN:80,(anonymous_3)
FNF:4
FNH:2
FNDA:1,(anonymous_0)
FNDA:0,(anonymous_1)
FNDA:0,(anonymous_2)
FNDA:1,(anonymous_3)
DA:1,4
DA:2,4
DA:4,4
DA:6,1
DA:8,1
DA:10,1
DA:12,1
DA:18,0
DA:20,0
DA:26,1
DA:27,1
DA:32,4
DA:34,0
DA:36,0
DA:38,0
DA:44,0
DA:49,4
DA:51,0
DA:53,0
DA:55,0
DA:57,0
DA:59,0
DA:66,0
DA:68,0
DA:74,0
DA:75,0
DA:80,4
DA:82,1
DA:84,1
DA:86,1
DA:88,0
DA:94,1
LF:32
LH:16
BRF:0
BRH:0
end_of_record
TN:
SF:src\controllers\userController.js
FN:8,(anonymous_0)
FN:41,(anonymous_1)
FN:67,(anonymous_2)
FN:80,(anonymous_3)
FNF:4
FNH:3
FNDA:2,(anonymous_0)
FNDA:8,(anonymous_1)
FNDA:0,(anonymous_2)
FNDA:1,(anonymous_3)
DA:3,4
DA:4,4
DA:5,4
DA:6,4
DA:8,4
DA:10,2
DA:12,2
DA:14,2
DA:16,2
DA:18,2
DA:20,2
DA:27,0
DA:29,0
DA:35,2
DA:36,2
DA:41,4
DA:42,8
DA:44,8
DA:46,8
DA:48,8
DA:53,7
DA:55,7
DA:61,1
DA:62,1
DA:67,4
DA:68,0
DA:69,0
DA:71,0
DA:76,0
DA:80,4
DA:81,1
DA:83,1
DA:84,1
DA:85,1
DA:86,1
DA:88,1
DA:95,1
DA:97,1
DA:103,0
DA:104,0
LF:40
LH:32
BRF:0
BRH:0
end_of_record
TN:
SF:src\middlewares\auth.js
FN:3,(anonymous_0)
FNF:1
FNH:1
FNDA:8,(anonymous_0)
DA:1,4
DA:3,4
DA:5,8
DA:7,8
DA:8,0
DA:14,8
DA:16,8
DA:18,8
DA:23,6
DA:25,6
DA:29,2
LF:11
LH:10
BRDA:7,0,0,0
BRDA:7,0,1,8
BRF:2
BRH:1
end_of_record
TN:
SF:src\middlewares\authorize.js
FN:3,(anonymous_0)
FN:4,(anonymous_1)
FNF:2
FNH:2
FNDA:20,(anonymous_0)
FNDA:5,(anonymous_1)
DA:3,4
DA:4,20
DA:5,5
DA:6,2
DA:12,3
LF:5
LH:5
BRDA:5,0,0,2
BRDA:5,0,1,3
BRF:2
BRH:2
end_of_record
TN:
SF:src\middlewares\errorHandler.js
FN:3,(anonymous_0)
FNF:1
FNH:1
FNDA:6,(anonymous_0)
DA:1,4
DA:3,4
DA:5,6
DA:7,0
DA:14,6
LF:5
LH:4
BRDA:5,0,0,0
BRDA:5,0,1,6
BRDA:14,1,0,6
BRDA:14,1,1,1
BRDA:16,2,0,6
BRDA:16,2,1,0
BRF:6
BRH:4
end_of_record
TN:
SF:src\middlewares\rateLimiter.js
FN:12,(anonymous_0)
FNF:1
FNH:1
FNDA:3,(anonymous_0)
DA:1,4
DA:3,4
DA:14,3
DA:16,3
DA:24,4
LF:5
LH:5
BRF:0
BRH:0
end_of_record
TN:
SF:src\repositories\cartRepository.js
FN:5,(anonymous_0)
FN:38,(anonymous_1)
FNF:2
FNH:0
FNDA:0,(anonymous_0)
FNDA:0,(anonymous_1)
DA:1,4
DA:3,4
DA:5,4
DA:10,0
DA:17,0
DA:18,0
DA:29,0
DA:38,4
DA:40,0
LF:9
LH:4
BRDA:17,0,0,0
BRDA:17,0,1,0
BRF:2
BRH:0
end_of_record
TN:
SF:src\repositories\orderRepository.js
FN:5,(anonymous_0)
FN:16,(anonymous_1)
FN:25,(anonymous_2)
FN:33,(anonymous_3)
FN:44,(anonymous_4)
FN:55,(anonymous_5)
FNF:6
FNH:1
FNDA:1,(anonymous_0)
FNDA:0,(anonymous_1)
FNDA:0,(anonymous_2)
FNDA:0,(anonymous_3)
FNDA:0,(anonymous_4)
FNDA:0,(anonymous_5)
DA:1,4
DA:3,4
DA:5,4
DA:6,1
DA:16,4
DA:17,0
DA:25,4
DA:26,0
DA:33,4
DA:34,0
DA:44,4
DA:45,0
DA:55,4
DA:56,0
LF:14
LH:9
BRF:0
BRH:0
end_of_record
TN:
SF:src\repositories\productRepository.js
FN:5,(anonymous_0)
FN:11,(anonymous_1)
FN:15,(anonymous_2)
FN:26,(anonymous_3)
FNF:4
FNH:1
FNDA:0,(anonymous_0)
FNDA:0,(anonymous_1)
FNDA:0,(anonymous_2)
FNDA:1,(anonymous_3)
DA:1,5
DA:3,5
DA:5,5
DA:6,0
DA:11,5
DA:12,0
DA:15,5
DA:16,0
DA:26,5
DA:27,1
LF:10
LH:7
BRF:0
BRH:0
end_of_record
TN:
SF:src\repositories\userRepository.js
FN:7,(anonymous_0)
FN:13,(anonymous_1)
FN:19,(anonymous_2)
FN:23,(anonymous_3)
FN:29,(anonymous_4)
FNF:5
FNH:3
FNDA:10,(anonymous_0)
FNDA:0,(anonymous_1)
FNDA:0,(anonymous_2)
FNDA:1,(anonymous_3)
FNDA:1,(anonymous_4)
DA:2,4
DA:3,4
DA:5,4
DA:7,4
DA:8,10
DA:13,4
DA:14,0
DA:19,4
DA:20,0
DA:23,4
DA:24,1
DA:29,4
DA:30,1
LF:13
LH:11
BRF:0
BRH:0
end_of_record
TN:
SF:src\routes\cartRoutes.js
FNF:0
FNH:0
DA:1,4
DA:2,4
DA:3,4
DA:4,4
DA:45,4
DA:82,4
DA:85,4
LF:7
LH:7
BRF:0
BRH:0
end_of_record
TN:
SF:src\routes\orderRoutes.js
FNF:0
FNH:0
DA:1,4
DA:2,4
DA:3,4
DA:4,4
DA:32,4
DA:69,4
DA:71,4
LF:7
LH:7
BRF:0
BRH:0
end_of_record
TN:
SF:src\routes\productRoutes.js
FNF:0
FNH:0
DA:1,4
DA:2,4
DA:3,4
DA:4,4
DA:5,4
DA:48,4
DA:84,4
DA:86,4
DA:88,4
DA:90,4
LF:10
LH:10
BRF:0
BRH:0
end_of_record
TN:
SF:src\routes\userRoutes.js
FNF:0
FNH:0
DA:1,4
DA:2,4
DA:3,4
DA:4,4
DA:5,4
DA:6,4
DA:8,4
DA:44,4
DA:86,4
DA:88,4
DA:90,4
DA:92,4
LF:12
LH:12
BRF:0
BRH:0
end_of_record
TN:
SF:src\services\cartService.js
FN:4,(anonymous_0)
FN:22,(anonymous_1)
FNF:2
FNH:0
FNDA:0,(anonymous_0)
FNDA:0,(anonymous_1)
DA:1,4
DA:2,4
DA:4,4
DA:6,0
DA:7,0
DA:10,0
DA:16,0
DA:22,4
DA:24,0
DA:26,0
LF:10
LH:4
BRDA:6,0,0,0
BRDA:6,0,1,0
BRDA:6,1,0,0
BRDA:6,1,1,0
BRDA:6,1,2,0
BRF:5
BRH:0
end_of_record
TN:
SF:src\services\orderService.js
FN:7,(anonymous_0)
FN:15,(anonymous_1)
FN:28,(anonymous_2)
FN:86,(anonymous_3)
FNF:4
FNH:2
FNDA:1,(anonymous_0)
FNDA:1,(anonymous_1)
FNDA:0,(anonymous_2)
FNDA:0,(anonymous_3)
DA:1,4
DA:2,4
DA:3,4
DA:5,4
DA:7,4
DA:9,1
DA:11,1
DA:12,0
DA:15,1
DA:17,1
DA:19,1
DA:20,1
DA:28,0
DA:29,0
DA:35,0
DA:42,0
DA:44,0
DA:55,0
DA:57,0
DA:70,0
DA:76,0
DA:86,4
DA:88,0
DA:90,0
LF:24
LH:12
BRDA:11,0,0,0
BRDA:11,0,1,1
BRDA:19,1,0,1
BRDA:19,1,1,0
BRF:4
BRH:2
end_of_record
TN:
SF:src\services\productService.js
FN:7,(anonymous_0)
FN:28,(anonymous_1)
FN:56,(anonymous_2)
FN:86,(anonymous_3)
FNF:4
FNH:3
FNDA:1,(anonymous_0)
FNDA:2,(anonymous_1)
FNDA:0,(anonymous_2)
FNDA:1,(anonymous_3)
DA:1,5
DA:2,5
DA:3,5
DA:4,5
DA:5,5
DA:7,5
DA:9,1
DA:11,1
DA:12,1
DA:15,0
DA:21,0
DA:28,5
DA:29,2
DA:30,2
DA:32,2
DA:33,1
DA:34,1
DA:37,1
DA:39,1
DA:41,1
DA:43,1
DA:52,1
DA:56,5
DA:58,0
DA:59,0
DA:65,0
DA:72,0
DA:73,0
DA:79,0
DA:86,5
DA:88,1
DA:90,0
DA:91,0
DA:97,0
LF:34
LH:23
BRDA:11,0,0,1
BRDA:11,0,1,0
BRDA:11,1,0,1
BRDA:11,1,1,1
BRDA:11,1,2,1
BRDA:11,1,3,1
BRDA:32,2,0,1
BRDA:32,2,1,1
BRDA:58,3,0,0
BRDA:58,3,1,0
BRDA:58,4,0,0
BRDA:58,4,1,0
BRDA:72,5,0,0
BRDA:72,5,1,0
BRDA:90,6,0,0
BRDA:90,6,1,0
BRF:16
BRH:7
end_of_record
TN:
SF:src\services\userService.js
FN:8,(anonymous_0)
FN:32,(anonymous_1)
FN:73,(anonymous_2)
FN:76,(anonymous_3)
FN:84,(anonymous_4)
FNF:5
FNH:3
FNDA:2,(anonymous_0)
FNDA:8,(anonymous_1)
FNDA:0,(anonymous_2)
FNDA:0,(anonymous_3)
FNDA:1,(anonymous_4)
DA:1,4
DA:3,4
DA:4,4
DA:5,4
DA:6,4
DA:8,4
DA:10,2
DA:12,2
DA:13,2
DA:14,2
DA:17,0
DA:19,0
DA:26,0
DA:32,4
DA:34,8
DA:35,0
DA:38,8
DA:40,8
DA:41,1
DA:42,1
DA:45,7
DA:50,7
DA:51,0
DA:55,7
DA:66,7
DA:73,4
DA:74,0
DA:76,0
DA:84,4
DA:85,1
DA:86,1
DA:87,1
DA:88,1
DA:90,1
DA:91,0
DA:94,1
DA:95,1
DA:97,1
DA:98,0
DA:101,1
DA:106,1
DA:107,0
DA:110,1
LF:43
LH:33
BRDA:12,0,0,2
BRDA:12,0,1,0
BRDA:34,1,0,0
BRDA:34,1,1,8
BRDA:34,2,0,8
BRDA:34,2,1,8
BRDA:40,3,0,1
BRDA:40,3,1,7
BRDA:50,4,0,0
BRDA:50,4,1,7
BRDA:90,5,0,0
BRDA:90,5,1,1
BRDA:97,6,0,0
BRDA:97,6,1,1
BRDA:97,7,0,1
BRDA:97,7,1,1
BRDA:106,8,0,0
BRDA:106,8,1,1
BRF:18
BRH:12
end_of_record
TN:
SF:src\utils\AppError.js
FN:3,(anonymous_0)
FNF:1
FNH:1
FNDA:5,(anonymous_0)
DA:4,5
DA:6,5
DA:7,5
DA:11,5
LF:4
LH:4
BRF:0
BRH:0
end_of_record
TN:
SF:src\validators\userValidators.js
FNF:0
FNH:0
DA:2,4
DA:4,4
DA:12,4
DA:17,4
LF:4
LH:4
BRF:0
BRH:0
end_of_record
